AvidRunner/app/build/outputs/logs/manifest-merger-debug-report.txt
-- Merging decision tree log ---
manifest
ADDED from src\main\AndroidManifest.xml:2:1-68:12
INJECTED from src\main\AndroidManifest.xml:2:1-68:12
INJECTED from src\main\AndroidManifest.xml:2:1-68:12
INJECTED from src\main\AndroidManifest.xml:2:1-68:12
MERGED from [:spotify-app-remote] AndroidManifest.xml:22:1-33:12
MERGED from [com.github.kaaes:spotify-web-api-android:0.4.1] AndroidManifest.xml:2:1-13:12
MERGED from [com.spotify.sdk:spotify-auth:1.1.0] AndroidManifest.xml:22:1-55:12
MERGED from [com.android.support:appcompat-v7:28.0.0] AndroidManifest.xml:17:1-22:12
MERGED from [com.android.support.constraint:constraint-layout:1.1.3] AndroidManifest.xml:2:1-11:12
MERGED from [com.google.android.gms:play-services-maps:16.0.0] AndroidManifest.xml:17:1-32:12
MERGED from [com.google.android.gms:play-services-location:16.0.0] AndroidManifest.xml:2:1-9:12
MERGED from [com.google.android.gms:play-services-base:16.0.1] AndroidManifest.xml:17:1-29:12
MERGED from [com.google.android.gms:play-services-places-placereport:16.0.0] AndroidManifest.xml:17:1-24:12
MERGED from [com.google.android.gms:play-services-tasks:16.0.1] AndroidManifest.xml:2:1-9:12
MERGED from [com.google.android.gms:play-services-basement:16.0.1] AndroidManifest.xml:17:1-28:12
MERGED from [com.android.support:support-v4:28.0.0] AndroidManifest.xml:17:1-22:12
MERGED from [com.github.skydoves:colorpickerpreference:1.0.2] AndroidManifest.xml:2:1-11:12
MERGED from [com.android.support:support-fragment:28.0.0] AndroidManifest.xml:17:1-22:12
MERGED from [com.android.support:animated-vector-drawable:28.0.0] AndroidManifest.xml:17:1-22:12
MERGED from [com.android.support:support-core-ui:28.0.0] AndroidManifest.xml:17:1-22:12
MERGED from [com.android.support:support-core-utils:28.0.0] AndroidManifest.xml:17:1-22:12
MERGED from [com.android.support:support-vector-drawable:28.0.0] AndroidManifest.xml:17:1-22:12
MERGED from [com.android.support:loader:28.0.0] AndroidManifest.xml:17:1-22:12
MERGED from [com.android.support:viewpager:28.0.0] AndroidManifest.xml:17:1-22:12
MERGED from [com.android.support:coordinatorlayout:28.0.0] AndroidManifest.xml:17:1-22:12
MERGED from [com.android.support:drawerlayout:28.0.0] AndroidManifest.xml:17:1-22:12
MERGED from [com.android.support:slidingpanelayout:28.0.0] AndroidManifest.xml:17:1-22:12
MERGED from [com.android.support:customview:28.0.0] AndroidManifest.xml:17:1-22:12
MERGED from [com.android.support:swiperefreshlayout:28.0.0] AndroidManifest.xml:17:1-22:12
MERGED from [com.android.support:asynclayoutinflater:28.0.0] AndroidManifest.xml:17:1-22:12
MERGED from [com.android.support:support-media-compat:28.0.0] AndroidManifest.xml:17:1-22:12
MERGED from [com.android.support:support-compat:28.0.0] AndroidManifest.xml:17:1-24:12
MERGED from [com.android.support:versionedparcelable:28.0.0] AndroidManifest.xml:17:1-25:12
MERGED from [com.android.support:cursoradapter:28.0.0] AndroidManifest.xml:17:1-22:12
MERGED from [android.arch.lifecycle:runtime:1.1.1] AndroidManifest.xml:17:1-22:12
MERGED from [com.android.support:documentfile:28.0.0] AndroidManifest.xml:17:1-22:12
MERGED from [com.android.support:localbroadcastmanager:28.0.0] AndroidManifest.xml:17:1-22:12
MERGED from [com.android.support:print:28.0.0] AndroidManifest.xml:17:1-22:12
MERGED from [android.arch.lifecycle:viewmodel:1.1.1] AndroidManifest.xml:17:1-22:12
MERGED from [com.android.support:interpolator:28.0.0] AndroidManifest.xml:17:1-22:12
MERGED from [android.arch.lifecycle:livedata:1.1.1] AndroidManifest.xml:17:1-22:12
MERGED from [android.arch.lifecycle:livedata-core:1.1.1] AndroidManifest.xml:17:1-22:12
MERGED from [android.arch.core:runtime:1.1.1] AndroidManifest.xml:17:1-22:12
INJECTED from src\main\AndroidManifest.xml:2:1-68:12
INJECTED from src\main\AndroidManifest.xml:2:1-68:12
INJECTED from src\main\AndroidManifest.xml:2:1-68:12
	package
		ADDED from src\main\AndroidManifest.xml:3:11-47
		INJECTED from src\main\AndroidManifest.xml
		INJECTED from src\main\AndroidManifest.xml
	android:versionName
		INJECTED from src\main\AndroidManifest.xml
		ADDED from src\main\AndroidManifest.xml:2:1-68:12
		INJECTED from src\main\AndroidManifest.xml
	android:versionCode
		INJECTED from src\main\AndroidManifest.xml
		ADDED from src\main\AndroidManifest.xml:2:1-68:12
		INJECTED from src\main\AndroidManifest.xml
	xmlns:android
		ADDED from src\main\AndroidManifest.xml:2:11-69
uses-permission#android.permission.READ_CALENDAR
ADDED from src\main\AndroidManifest.xml:6:5-71
	android:name
		ADDED from src\main\AndroidManifest.xml:6:22-69
uses-permission#android.permission.ACCESS_FINE_LOCATION
ADDED from src\main\AndroidManifest.xml:7:5-79
	android:name
		ADDED from src\main\AndroidManifest.xml:7:22-76
uses-permission#android.permission.WRITE_EXTERNAL_STORAGE
ADDED from src\main\AndroidManifest.xml:8:5-81
	android:name
		ADDED from src\main\AndroidManifest.xml:8:22-78
application
ADDED from src\main\AndroidManifest.xml:10:5-66:19
MERGED from [:spotify-app-remote] AndroidManifest.xml:31:5-20
MERGED from [:spotify-app-remote] AndroidManifest.xml:31:5-20
MERGED from [com.github.kaaes:spotify-web-api-android:0.4.1] AndroidManifest.xml:11:5-20
MERGED from [com.github.kaaes:spotify-web-api-android:0.4.1] AndroidManifest.xml:11:5-20
MERGED from [com.spotify.sdk:spotify-auth:1.1.0] AndroidManifest.xml:33:5-53:19
MERGED from [com.spotify.sdk:spotify-auth:1.1.0] AndroidManifest.xml:33:5-53:19
MERGED from [com.android.support.constraint:constraint-layout:1.1.3] AndroidManifest.xml:9:5-20
MERGED from [com.android.support.constraint:constraint-layout:1.1.3] AndroidManifest.xml:9:5-20
MERGED from [com.google.android.gms:play-services-maps:16.0.0] AndroidManifest.xml:30:5-20
MERGED from [com.google.android.gms:play-services-maps:16.0.0] AndroidManifest.xml:30:5-20
MERGED from [com.google.android.gms:play-services-location:16.0.0] AndroidManifest.xml:7:5-20
MERGED from [com.google.android.gms:play-services-location:16.0.0] AndroidManifest.xml:7:5-20
MERGED from [com.google.android.gms:play-services-base:16.0.1] AndroidManifest.xml:22:5-27:19
MERGED from [com.google.android.gms:play-services-base:16.0.1] AndroidManifest.xml:22:5-27:19
MERGED from [com.google.android.gms:play-services-places-placereport:16.0.0] AndroidManifest.xml:22:5-20
MERGED from [com.google.android.gms:play-services-places-placereport:16.0.0] AndroidManifest.xml:22:5-20
MERGED from [com.google.android.gms:play-services-tasks:16.0.1] AndroidManifest.xml:7:5-20
MERGED from [com.google.android.gms:play-services-tasks:16.0.1] AndroidManifest.xml:7:5-20
MERGED from [com.google.android.gms:play-services-basement:16.0.1] AndroidManifest.xml:22:5-26:19
MERGED from [com.google.android.gms:play-services-basement:16.0.1] AndroidManifest.xml:22:5-26:19
MERGED from [com.android.support:support-compat:28.0.0] AndroidManifest.xml:22:5-94
MERGED from [com.android.support:support-compat:28.0.0] AndroidManifest.xml:22:5-94
MERGED from [com.android.support:versionedparcelable:28.0.0] AndroidManifest.xml:22:5-23:19
MERGED from [com.android.support:versionedparcelable:28.0.0] AndroidManifest.xml:22:5-23:19
	android:appComponentFactory
		ADDED from [com.android.support:support-compat:28.0.0] AndroidManifest.xml:22:18-91
	android:supportsRtl
		ADDED from src\main\AndroidManifest.xml:15:13-39
	android:label
		ADDED from src\main\AndroidManifest.xml:13:13-45
	android:roundIcon
		ADDED from src\main\AndroidManifest.xml:14:13-58
	android:icon
		ADDED from src\main\AndroidManifest.xml:12:13-47
	android:allowBackup
		ADDED from src\main\AndroidManifest.xml:11:13-39
	android:theme
		ADDED from src\main\AndroidManifest.xml:16:13-44
uses-library#org.apache.http.legacy
ADDED from src\main\AndroidManifest.xml:18:9-88
	android:required
		ADDED from src\main\AndroidManifest.xml:18:61-85
	android:name
		ADDED from src\main\AndroidManifest.xml:18:23-60
meta-data#com.google.android.geo.API_KEY
ADDED from src\main\AndroidManifest.xml:20:9-22:59
	android:value
		ADDED from src\main\AndroidManifest.xml:22:17-56
	android:name
		ADDED from src\main\AndroidManifest.xml:21:17-62
activity#edu.uw.s711258w.avidrunner.MainActivity
ADDED from src\main\AndroidManifest.xml:24:9-26:20
	android:name
		ADDED from src\main\AndroidManifest.xml:25:17-71
activity#edu.uw.s711258w.avidrunner.SettingsActivity
ADDED from src\main\AndroidManifest.xml:28:9-34:20
	android:parentActivityName
		ADDED from src\main\AndroidManifest.xml:30:13-81
	android:name
		ADDED from src\main\AndroidManifest.xml:29:13-71
meta-data#android.support.PARENT_ACTIVITY
ADDED from src\main\AndroidManifest.xml:31:13-33:75
	android:value
		ADDED from src\main\AndroidManifest.xml:33:17-72
	android:name
		ADDED from src\main\AndroidManifest.xml:32:17-63
activity#edu.uw.s711258w.avidrunner.PlaylistActivity
ADDED from src\main\AndroidManifest.xml:36:9-43:20
	android:parentActivityName
		ADDED from src\main\AndroidManifest.xml:39:13-81
	android:label
		ADDED from src\main\AndroidManifest.xml:38:13-60
	android:name
		ADDED from src\main\AndroidManifest.xml:37:13-71
activity#edu.uw.s711258w.avidrunner.MapsActivity
ADDED from src\main\AndroidManifest.xml:45:9-51:20
	android:label
		ADDED from src\main\AndroidManifest.xml:47:17-60
	android:name
		ADDED from src\main\AndroidManifest.xml:46:17-45
activity#edu.uw.s711258w.avidrunner.HomeActivity
ADDED from src\main\AndroidManifest.xml:53:9-61:20
	android:name
		ADDED from src\main\AndroidManifest.xml:53:19-47
intent-filter#action:name:android.intent.action.MAIN+category:name:android.intent.category.LAUNCHER
ADDED from src\main\AndroidManifest.xml:55:13-59:29
action#android.intent.action.MAIN
ADDED from src\main\AndroidManifest.xml:56:17-68
	android:name
		ADDED from src\main\AndroidManifest.xml:56:25-66
category#android.intent.category.LAUNCHER
ADDED from src\main\AndroidManifest.xml:58:17-76
	android:name
		ADDED from src\main\AndroidManifest.xml:58:27-74
activity#com.spotify.sdk.android.authentication.LoginActivity
ADDED from src\main\AndroidManifest.xml:63:9-65:75
MERGED from [com.spotify.sdk:spotify-auth:1.1.0] AndroidManifest.xml:49:9-52:20
MERGED from [com.spotify.sdk:spotify-auth:1.1.0] AndroidManifest.xml:49:9-52:20
	android:theme
		ADDED from src\main\AndroidManifest.xml:65:13-72
	android:name
		ADDED from src\main\AndroidManifest.xml:64:13-80
uses-sdk
INJECTED from src\main\AndroidManifest.xml reason: use-sdk injection requested
INJECTED from src\main\AndroidManifest.xml
INJECTED from src\main\AndroidManifest.xml
MERGED from [:spotify-app-remote] AndroidManifest.xml:27:5-29:41
MERGED from [:spotify-app-remote] AndroidManifest.xml:27:5-29:41
MERGED from [com.github.kaaes:spotify-web-api-android:0.4.1] AndroidManifest.xml:6:5-8:41
MERGED from [com.github.kaaes:spotify-web-api-android:0.4.1] AndroidManifest.xml:6:5-8:41
MERGED from [com.spotify.sdk:spotify-auth:1.1.0] AndroidManifest.xml:27:5-29:41
MERGED from [com.spotify.sdk:spotify-auth:1.1.0] AndroidManifest.xml:27:5-29:41
MERGED from [com.android.support:appcompat-v7:28.0.0] AndroidManifest.xml:20:5-44
MERGED from [com.android.support:appcompat-v7:28.0.0] AndroidManifest.xml:20:5-44
MERGED from [com.android.support.constraint:constraint-layout:1.1.3] AndroidManifest.xml:5:5-7:41
MERGED from [com.android.support.constraint:constraint-layout:1.1.3] AndroidManifest.xml:5:5-7:41
MERGED from [com.google.android.gms:play-services-maps:16.0.0] AndroidManifest.xml:20:5-44
MERGED from [com.google.android.gms:play-services-maps:16.0.0] AndroidManifest.xml:20:5-44
MERGED from [com.google.android.gms:play-services-location:16.0.0] AndroidManifest.xml:5:5-44
MERGED from [com.google.android.gms:play-services-location:16.0.0] AndroidManifest.xml:5:5-44
MERGED from [com.google.android.gms:play-services-base:16.0.1] AndroidManifest.xml:20:5-44
MERGED from [com.google.android.gms:play-services-base:16.0.1] AndroidManifest.xml:20:5-44
MERGED from [com.google.android.gms:play-services-places-placereport:16.0.0] AndroidManifest.xml:20:5-44
MERGED from [com.google.android.gms:play-services-places-placereport:16.0.0] AndroidManifest.xml:20:5-44
MERGED from [com.google.android.gms:play-services-tasks:16.0.1] AndroidManifest.xml:5:5-44
MERGED from [com.google.android.gms:play-services-tasks:16.0.1] AndroidManifest.xml:5:5-44
MERGED from [com.google.android.gms:play-services-basement:16.0.1] AndroidManifest.xml:20:5-44
MERGED from [com.google.android.gms:play-services-basement:16.0.1] AndroidManifest.xml:20:5-44
MERGED from [com.android.support:support-v4:28.0.0] AndroidManifest.xml:20:5-44
MERGED from [com.android.support:support-v4:28.0.0] AndroidManifest.xml:20:5-44
MERGED from [com.github.skydoves:colorpickerpreference:1.0.2] AndroidManifest.xml:7:5-9:41
MERGED from [com.github.skydoves:colorpickerpreference:1.0.2] AndroidManifest.xml:7:5-9:41
MERGED from [com.android.support:support-fragment:28.0.0] AndroidManifest.xml:20:5-44
MERGED from [com.android.support:support-fragment:28.0.0] AndroidManifest.xml:20:5-44
MERGED from [com.android.support:animated-vector-drawable:28.0.0] AndroidManifest.xml:20:5-44
MERGED from [com.android.support:animated-vector-drawable:28.0.0] AndroidManifest.xml:20:5-44
MERGED from [com.android.support:support-core-ui:28.0.0] AndroidManifest.xml:20:5-44
MERGED from [com.android.support:support-core-ui:28.0.0] AndroidManifest.xml:20:5-44
MERGED from [com.android.support:support-core-utils:28.0.0] AndroidManifest.xml:20:5-44
MERGED from [com.android.support:support-core-utils:28.0.0] AndroidManifest.xml:20:5-44
MERGED from [com.android.support:support-vector-drawable:28.0.0] AndroidManifest.xml:20:5-44
MERGED from [com.android.support:support-vector-drawable:28.0.0] AndroidManifest.xml:20:5-44
MERGED from [com.android.support:loader:28.0.0] AndroidManifest.xml:20:5-44
MERGED from [com.android.support:loader:28.0.0] AndroidManifest.xml:20:5-44
MERGED from [com.android.support:viewpager:28.0.0] AndroidManifest.xml:20:5-44
MERGED from [com.android.support:viewpager:28.0.0] AndroidManifest.xml:20:5-44
MERGED from [com.android.support:coordinatorlayout:28.0.0] AndroidManifest.xml:20:5-44
MERGED from [com.android.support:coordinatorlayout:28.0.0] AndroidManifest.xml:20:5-44
MERGED from [com.android.support:drawerlayout:28.0.0] AndroidManifest.xml:20:5-44
MERGED from [com.android.support:drawerlayout:28.0.0] AndroidManifest.xml:20:5-44
MERGED from [com.android.support:slidingpanelayout:28.0.0] AndroidManifest.xml:20:5-44
MERGED from [com.android.support:slidingpanelayout:28.0.0] AndroidManifest.xml:20:5-44
MERGED from [com.android.support:customview:28.0.0] AndroidManifest.xml:20:5-44
MERGED from [com.android.support:customview:28.0.0] AndroidManifest.xml:20:5-44
MERGED from [com.android.support:swiperefreshlayout:28.0.0] AndroidManifest.xml:20:5-44
MERGED from [com.android.support:swiperefreshlayout:28.0.0] AndroidManifest.xml:20:5-44
MERGED from [com.android.support:asynclayoutinflater:28.0.0] AndroidManifest.xml:20:5-44
MERGED from [com.android.support:asynclayoutinflater:28.0.0] AndroidManifest.xml:20:5-44
MERGED from [com.android.support:support-media-compat:28.0.0] AndroidManifest.xml:20:5-44
MERGED from [com.android.support:support-media-compat:28.0.0] AndroidManifest.xml:20:5-44
MERGED from [com.android.support:support-compat:28.0.0] AndroidManifest.xml:20:5-44
MERGED from [com.android.support:support-compat:28.0.0] AndroidManifest.xml:20:5-44
MERGED from [com.android.support:versionedparcelable:28.0.0] AndroidManifest.xml:20:5-44
MERGED from [com.android.support:versionedparcelable:28.0.0] AndroidManifest.xml:20:5-44
MERGED from [com.android.support:cursoradapter:28.0.0] AndroidManifest.xml:20:5-44
MERGED from [com.android.support:cursoradapter:28.0.0] AndroidManifest.xml:20:5-44
MERGED from [android.arch.lifecycle:runtime:1.1.1] AndroidManifest.xml:20:5-44
MERGED from [android.arch.lifecycle:runtime:1.1.1] AndroidManifest.xml:20:5-44
MERGED from [com.android.support:documentfile:28.0.0] AndroidManifest.xml:20:5-44
MERGED from [com.android.support:documentfile:28.0.0] AndroidManifest.xml:20:5-44
MERGED from [com.android.support:localbroadcastmanager:28.0.0] AndroidManifest.xml:20:5-44
MERGED from [com.android.support:localbroadcastmanager:28.0.0] AndroidManifest.xml:20:5-44
MERGED from [com.android.support:print:28.0.0] AndroidManifest.xml:20:5-44
MERGED from [com.android.support:print:28.0.0] AndroidManifest.xml:20:5-44
MERGED from [android.arch.lifecycle:viewmodel:1.1.1] AndroidManifest.xml:20:5-44
MERGED from [android.arch.lifecycle:viewmodel:1.1.1] AndroidManifest.xml:20:5-44
MERGED from [com.android.support:interpolator:28.0.0] AndroidManifest.xml:20:5-44
MERGED from [com.android.support:interpolator:28.0.0] AndroidManifest.xml:20:5-44
MERGED from [android.arch.lifecycle:livedata:1.1.1] AndroidManifest.xml:20:5-44
MERGED from [android.arch.lifecycle:livedata:1.1.1] AndroidManifest.xml:20:5-44
MERGED from [android.arch.lifecycle:livedata-core:1.1.1] AndroidManifest.xml:20:5-44
MERGED from [android.arch.lifecycle:livedata-core:1.1.1] AndroidManifest.xml:20:5-44
MERGED from [android.arch.core:runtime:1.1.1] AndroidManifest.xml:20:5-44
MERGED from [android.arch.core:runtime:1.1.1] AndroidManifest.xml:20:5-44
INJECTED from src\main\AndroidManifest.xml
INJECTED from src\main\AndroidManifest.xml
	android:targetSdkVersion
		INJECTED from src\main\AndroidManifest.xml
		ADDED from src\main\AndroidManifest.xml
		INJECTED from src\main\AndroidManifest.xml
	android:minSdkVersion
		INJECTED from src\main\AndroidManifest.xml
		ADDED from src\main\AndroidManifest.xml
		INJECTED from src\main\AndroidManifest.xml
uses-permission#android.permission.INTERNET
ADDED from [com.spotify.sdk:spotify-auth:1.1.0] AndroidManifest.xml:31:5-67
MERGED from [com.google.android.gms:play-services-maps:16.0.0] AndroidManifest.xml:24:5-67
MERGED from [com.google.android.gms:play-services-maps:16.0.0] AndroidManifest.xml:24:5-67
	android:name
		ADDED from [com.spotify.sdk:spotify-auth:1.1.0] AndroidManifest.xml:31:22-64
activity#com.spotify.sdk.android.authentication.AuthCallbackActivity
ADDED from [com.spotify.sdk:spotify-auth:1.1.0] AndroidManifest.xml:34:9-48:20
	android:exported
		ADDED from [com.spotify.sdk:spotify-auth:1.1.0] AndroidManifest.xml:36:13-36
	android:theme
		ADDED from [com.spotify.sdk:spotify-auth:1.1.0] AndroidManifest.xml:37:13-72
	android:name
		ADDED from [com.spotify.sdk:spotify-auth:1.1.0] AndroidManifest.xml:35:13-87
intent-filter#action:name:android.intent.action.VIEW+category:name:android.intent.category.BROWSABLE+category:name:android.intent.category.DEFAULT+data:host:@string/com_spotify_sdk_redirect_host+data:scheme:@string/com_spotify_sdk_redirect_scheme
ADDED from [com.spotify.sdk:spotify-auth:1.1.0] AndroidManifest.xml:38:13-47:29
action#android.intent.action.VIEW
ADDED from [com.spotify.sdk:spotify-auth:1.1.0] AndroidManifest.xml:39:17-69
	android:name
		ADDED from [com.spotify.sdk:spotify-auth:1.1.0] AndroidManifest.xml:39:25-66
category#android.intent.category.DEFAULT
ADDED from [com.spotify.sdk:spotify-auth:1.1.0] AndroidManifest.xml:41:17-76
	android:name
		ADDED from [com.spotify.sdk:spotify-auth:1.1.0] AndroidManifest.xml:41:27-73
category#android.intent.category.BROWSABLE
ADDED from [com.spotify.sdk:spotify-auth:1.1.0] AndroidManifest.xml:42:17-78
	android:name
		ADDED from [com.spotify.sdk:spotify-auth:1.1.0] AndroidManifest.xml:42:27-75
data
ADDED from [com.spotify.sdk:spotify-auth:1.1.0] AndroidManifest.xml:44:17-46:80
	android:host
		ADDED from [com.spotify.sdk:spotify-auth:1.1.0] AndroidManifest.xml:45:21-73
	android:scheme
		ADDED from [com.spotify.sdk:spotify-auth:1.1.0] AndroidManifest.xml:46:21-77
uses-permission#android.permission.ACCESS_NETWORK_STATE
ADDED from [com.google.android.gms:play-services-maps:16.0.0] AndroidManifest.xml:23:5-79
	android:name
		ADDED from [com.google.android.gms:play-services-maps:16.0.0] AndroidManifest.xml:23:22-76
uses-feature#0x00020000
ADDED from [com.google.android.gms:play-services-maps:16.0.0] AndroidManifest.xml:26:5-28:35
	android:glEsVersion
		ADDED from [com.google.android.gms:play-services-maps:16.0.0] AndroidManifest.xml:27:9-41
	android:required
		ADDED from [com.google.android.gms:play-services-maps:16.0.0] AndroidManifest.xml:28:9-32
activity#com.google.android.gms.common.api.GoogleApiActivity
ADDED from [com.google.android.gms:play-services-base:16.0.1] AndroidManifest.xml:23:9-26:75
	android:exported
		ADDED from [com.google.android.gms:play-services-base:16.0.1] AndroidManifest.xml:25:13-37
	android:theme
		ADDED from [com.google.android.gms:play-services-base:16.0.1] AndroidManifest.xml:26:13-72
	android:name
		ADDED from [com.google.android.gms:play-services-base:16.0.1] AndroidManifest.xml:24:13-79
meta-data#com.google.android.gms.version
ADDED from [com.google.android.gms:play-services-basement:16.0.1] AndroidManifest.xml:23:9-25:69
	android:value
		ADDED from [com.google.android.gms:play-services-basement:16.0.1] AndroidManifest.xml:25:13-66
	android:name
		ADDED from [com.google.android.gms:play-services-basement:16.0.1] AndroidManifest.xml:24:13-58